<?xml version="1.0" encoding="UTF-8"?>
<!-- Generated by org.testng.reporters.JUnitReportReporter -->
<testsuite hostname="B2WBYY2" failures="1" tests="5" name="webdrivertechniques.SoftAssertionsExamples2" time="0.046"
           errors="0" timestamp="2021-06-15T18:57:58 IST" skipped="0">
    <testcase classname="webdrivertechniques.SoftAssertionsExamples2" name="testSoft" time="0.004"/>
    <system-out/>
    <testcase classname="webdrivertechniques.SoftAssertionsExamples2" name="testSoft2" time="0.002"/>
    <system-out/>
    <testcase classname="webdrivertechniques.SoftAssertionsExamples2" name="testSoft3" time="0.003"/>
    <system-out/>
    <testcase classname="webdrivertechniques.SoftAssertionsExamples2" name="testHard" time="0.020"/>
    <system-out/>
    <testcase classname="webdrivertechniques.SoftAssertionsExamples2" name="testSoft1" time="0.017">
        <failure message="The following asserts failed:
	expected true expected [true] but found [false],
	Strings are not matching expected [abcde] but found [abcd],
	expected [14] but found [12],
	not matching expected [true] but found [false]" type="java.lang.AssertionError">
            <![CDATA[java.lang.AssertionError: The following asserts failed:
expected true expected [true] but found [false],
Strings are not matching expected [abcde] but found [abcd],
expected [14] but found [12],
not matching expected [true] but found [false]
at org.testng.asserts.SoftAssert.assertAll(SoftAssert.java:47)
at org.testng.asserts.SoftAssert.assertAll(SoftAssert.java:31)
at webdrivertechniques.SoftAssertionsExamples2.testSoft1(SoftAssertionsExamples.java:35)
at java.base/jdk.internal.reflect.NativeMethodAccessorImpl.invoke0(Native Method)
at java.base/jdk.internal.reflect.NativeMethodAccessorImpl.invoke(NativeMethodAccessorImpl.java:62)
at java.base/jdk.internal.reflect.DelegatingMethodAccessorImpl.invoke(DelegatingMethodAccessorImpl.java:43)
at java.base/java.lang.reflect.Method.invoke(Method.java:566)
at org.testng.internal.MethodInvocationHelper.invokeMethod(MethodInvocationHelper.java:132)
at org.testng.internal.TestInvoker.invokeMethod(TestInvoker.java:599)
at org.testng.internal.TestInvoker.invokeTestMethod(TestInvoker.java:174)
at org.testng.internal.MethodRunner.runInSequence(MethodRunner.java:46)
at org.testng.internal.TestInvoker$MethodInvocationAgent.invoke(TestInvoker.java:822)
at org.testng.internal.TestInvoker.invokeTestMethods(TestInvoker.java:147)
at org.testng.internal.TestMethodWorker.invokeTestMethods(TestMethodWorker.java:146)
at org.testng.internal.TestMethodWorker.run(TestMethodWorker.java:128)
at java.base/java.util.ArrayList.forEach(ArrayList.java:1540)
at org.testng.TestRunner.privateRun(TestRunner.java:764)
at org.testng.TestRunner.run(TestRunner.java:585)
at org.testng.SuiteRunner.runTest(SuiteRunner.java:384)
at org.testng.SuiteRunner.runSequentially(SuiteRunner.java:378)
at org.testng.SuiteRunner.privateRun(SuiteRunner.java:337)
at org.testng.SuiteRunner.run(SuiteRunner.java:286)
at org.testng.SuiteRunnerWorker.runSuite(SuiteRunnerWorker.java:53)
at org.testng.SuiteRunnerWorker.run(SuiteRunnerWorker.java:96)
at org.testng.TestNG.runSuitesSequentially(TestNG.java:1218)
at org.testng.TestNG.runSuitesLocally(TestNG.java:1140)
at org.testng.TestNG.runSuites(TestNG.java:1069)
at org.testng.TestNG.run(TestNG.java:1037)
at org.testng.remote.AbstractRemoteTestNG.run(AbstractRemoteTestNG.java:115)
at org.testng.remote.RemoteTestNG.initAndRun(RemoteTestNG.java:251)
at org.testng.remote.RemoteTestNG.main(RemoteTestNG.java:77)
]]>
        </failure>
    </testcase> <!-- testSoft1 -->
    <system-out/>
</testsuite> <!-- webdrivertechniques.SoftAssertionsExamples2 -->
