<?xml version="1.0" encoding="UTF-8"?>
<!-- Generated by org.testng.reporters.JUnitXMLReporter -->
<testsuite ignored="4" hostname="IN2-1018546LT1" failures="1" tests="1" name="Personal Loan(failed)" time="0.02" errors="0" timestamp="25 Oct 2018 16:35:30 GMT">
  <testcase classname="testcases.Day3" name="MobileLogincarLoan" time="0.0">
    <failure type="org.testng.TestNGException" message="
Parameter &amp;apos;USERID&amp;apos; is required by @Test on method MobileLogincarLoan but has not been marked @Optional or defined
in C:\Users\1018546\Desktop\Selenium Learning\Workspace\TestNGTutorial2\test-output\testng-failed.xml">
      <![CDATA[org.testng.TestNGException: 
Parameter 'USERID' is required by @Test on method MobileLogincarLoan but has not been marked @Optional or defined
in C:\Users\1018546\Desktop\Selenium Learning\Workspace\TestNGTutorial2\test-output\testng-failed.xml
at java.base/java.util.concurrent.ThreadPoolExecutor.runWorker(Unknown Source)
at java.base/java.util.concurrent.ThreadPoolExecutor$Worker.run(Unknown Source)
at java.base/java.lang.Thread.run(Unknown Source)
... Removed 9 stack frames]]>
    </failure>
  </testcase> <!-- MobileLogincarLoan -->
  <testcase classname="testcases.Day3" name="LoginAPIcarLoan" time="0.0">
    <ignored/>
  </testcase> <!-- LoginAPIcarLoan -->
  <testcase classname="testcases.Day3" name="MobilesignincarLoan" time="0.0">
    <ignored/>
  </testcase> <!-- MobilesignincarLoan -->
  <testcase classname="testcases.Day3" name="WebloginCarLoan" time="0.0">
    <ignored/>
  </testcase> <!-- WebloginCarLoan -->
  <testcase classname="testcases.Day3" name="MobilesignoutcarLoan" time="0.0">
    <ignored/>
  </testcase> <!-- MobilesignoutcarLoan -->
</testsuite> <!-- Personal Loan(failed) -->
